Flow report for ES_mini_project_TRDB_D5M_LT24
Thu Dec 30 14:13:35 2021
Quartus Prime Version 18.1.0 Build 625 09/12/2018 SJ Lite Edition


---------------------
; Table of Contents ;
---------------------
  1. Legal Notice
  2. Flow Summary
  3. Flow Settings
  4. Flow Non-Default Global Settings
  5. Flow Elapsed Time
  6. Flow OS Summary
  7. Flow Log
  8. Flow Messages
  9. Flow Suppressed Messages



----------------
; Legal Notice ;
----------------
Copyright (C) 2018  Intel Corporation. All rights reserved.
Your use of Intel Corporation's design tools, logic functions 
and other software and tools, and its AMPP partner logic 
functions, and any output files from any of the foregoing 
(including device programming or simulation files), and any 
associated documentation or information are expressly subject 
to the terms and conditions of the Intel Program License 
Subscription Agreement, the Intel Quartus Prime License Agreement,
the Intel FPGA IP License Agreement, or other applicable license
agreement, including, without limitation, that your use is for
the sole purpose of programming logic devices manufactured by
Intel and sold by Intel or its authorized distributors.  Please
refer to the applicable agreement for further details.



+-------------------------------------------------------------------------------+
; Flow Summary                                                                  ;
+---------------------------------+---------------------------------------------+
; Flow Status                     ; Successful - Thu Dec 30 14:12:41 2021       ;
; Quartus Prime Version           ; 18.1.0 Build 625 09/12/2018 SJ Lite Edition ;
; Revision Name                   ; ES_mini_project_TRDB_D5M_LT24               ;
; Top-level Entity Name           ; DE0_Nano_SoC_TRDB_D5M_LT24_top_level        ;
; Family                          ; Cyclone V                                   ;
; Device                          ; 5CSEMA4U23C6                                ;
; Timing Models                   ; Final                                       ;
; Logic utilization (in ALMs)     ; 2,379 / 15,880 ( 15 % )                     ;
; Total registers                 ; 4272                                        ;
; Total pins                      ; 145 / 314 ( 46 % )                          ;
; Total virtual pins              ; 0                                           ;
; Total block memory bits         ; 1,147,008 / 2,764,800 ( 41 % )              ;
; Total DSP Blocks                ; 3 / 84 ( 4 % )                              ;
; Total HSSI RX PCSs              ; 0                                           ;
; Total HSSI PMA RX Deserializers ; 0                                           ;
; Total HSSI TX PCSs              ; 0                                           ;
; Total HSSI PMA TX Serializers   ; 0                                           ;
; Total PLLs                      ; 0 / 5 ( 0 % )                               ;
; Total DLLs                      ; 1 / 4 ( 25 % )                              ;
+---------------------------------+---------------------------------------------+


+---------------------------------------------------+
; Flow Settings                                     ;
+-------------------+-------------------------------+
; Option            ; Setting                       ;
+-------------------+-------------------------------+
; Start date & time ; 12/30/2021 14:03:32           ;
; Main task         ; Compilation                   ;
; Revision Name     ; ES_mini_project_TRDB_D5M_LT24 ;
+-------------------+-------------------------------+


+------------------------------------------------------------------------------------------------------------------------------------------------------------------------------------------------------------------------------------------------------------------------------------------------------------------------------------------------------+
; Flow Non-Default Global Settings                                                                                                                                                                                                                                                                                                                     ;
+---------------------------------------+--------------------------------------------------------------------------------------------------------------------------------------------------------------------------------------------------------------------+-------------------------------+--------------------------------------+------------------+
; Assignment Name                       ; Value                                                                                                                                                                                                              ; Default Value                 ; Entity Name                          ; Section Id       ;
+---------------------------------------+--------------------------------------------------------------------------------------------------------------------------------------------------------------------------------------------------------------------+-------------------------------+--------------------------------------+------------------+
; COMPILER_SIGNATURE_ID                 ; 134660533611808.164086940830080                                                                                                                                                                                    ; --                            ; --                                   ; --               ;
; ECO_REGENERATE_REPORT                 ; On                                                                                                                                                                                                                 ; Off                           ; --                                   ; --               ;
; ENABLE_SIGNALTAP                      ; On                                                                                                                                                                                                                 ; --                            ; --                                   ; --               ;
; MAX_CORE_JUNCTION_TEMP                ; 85                                                                                                                                                                                                                 ; --                            ; --                                   ; --               ;
; MIN_CORE_JUNCTION_TEMP                ; 0                                                                                                                                                                                                                  ; --                            ; --                                   ; --               ;
; MISC_FILE                             ; ../hdl/FIFO_inst.vhd                                                                                                                                                                                               ; --                            ; --                                   ; --               ;
; MISC_FILE                             ; ../hdl/FIFO.inc                                                                                                                                                                                                    ; --                            ; --                                   ; --               ;
; MISC_FILE                             ; ../hdl/FIFO.cmp                                                                                                                                                                                                    ; --                            ; --                                   ; --               ;
; PARTITION_COLOR                       ; -- (Not supported for targeted family)                                                                                                                                                                             ; --                            ; DE0_Nano_SoC_TRDB_D5M_LT24_top_level ; Top              ;
; PARTITION_FITTER_PRESERVATION_LEVEL   ; -- (Not supported for targeted family)                                                                                                                                                                             ; --                            ; DE0_Nano_SoC_TRDB_D5M_LT24_top_level ; Top              ;
; PARTITION_NETLIST_TYPE                ; -- (Not supported for targeted family)                                                                                                                                                                             ; --                            ; DE0_Nano_SoC_TRDB_D5M_LT24_top_level ; Top              ;
; POWER_BOARD_THERMAL_MODEL             ; None (CONSERVATIVE)                                                                                                                                                                                                ; --                            ; --                                   ; --               ;
; POWER_PRESET_COOLING_SOLUTION         ; 23 MM HEAT SINK WITH 200 LFPM AIRFLOW                                                                                                                                                                              ; --                            ; --                                   ; --               ;
; PROJECT_OUTPUT_DIRECTORY              ; output_files                                                                                                                                                                                                       ; --                            ; --                                   ; --               ;
; SLD_FILE                              ; db/stp3_auto_stripped.stp                                                                                                                                                                                          ; --                            ; --                                   ; --               ;
; SLD_NODE_CREATOR_ID                   ; 110                                                                                                                                                                                                                ; --                            ; --                                   ; auto_signaltap_0 ;
; SLD_NODE_ENTITY_NAME                  ; sld_signaltap                                                                                                                                                                                                      ; --                            ; --                                   ; auto_signaltap_0 ;
; SLD_NODE_PARAMETER_ASSIGNMENT         ; SLD_RAM_BLOCK_TYPE=AUTO                                                                                                                                                                                            ; --                            ; --                                   ; auto_signaltap_0 ;
; SLD_NODE_PARAMETER_ASSIGNMENT         ; SLD_NODE_INFO=805334528                                                                                                                                                                                            ; --                            ; --                                   ; auto_signaltap_0 ;
; SLD_NODE_PARAMETER_ASSIGNMENT         ; SLD_POWER_UP_TRIGGER=0                                                                                                                                                                                             ; --                            ; --                                   ; auto_signaltap_0 ;
; SLD_NODE_PARAMETER_ASSIGNMENT         ; SLD_ATTRIBUTE_MEM_MODE=OFF                                                                                                                                                                                         ; --                            ; --                                   ; auto_signaltap_0 ;
; SLD_NODE_PARAMETER_ASSIGNMENT         ; SLD_STATE_FLOW_USE_GENERATED=0                                                                                                                                                                                     ; --                            ; --                                   ; auto_signaltap_0 ;
; SLD_NODE_PARAMETER_ASSIGNMENT         ; SLD_STATE_BITS=11                                                                                                                                                                                                  ; --                            ; --                                   ; auto_signaltap_0 ;
; SLD_NODE_PARAMETER_ASSIGNMENT         ; SLD_BUFFER_FULL_STOP=1                                                                                                                                                                                             ; --                            ; --                                   ; auto_signaltap_0 ;
; SLD_NODE_PARAMETER_ASSIGNMENT         ; SLD_CURRENT_RESOURCE_WIDTH=1                                                                                                                                                                                       ; --                            ; --                                   ; auto_signaltap_0 ;
; SLD_NODE_PARAMETER_ASSIGNMENT         ; SLD_INCREMENTAL_ROUTING=1                                                                                                                                                                                          ; --                            ; --                                   ; auto_signaltap_0 ;
; SLD_NODE_PARAMETER_ASSIGNMENT         ; SLD_TRIGGER_LEVEL=1                                                                                                                                                                                                ; --                            ; --                                   ; auto_signaltap_0 ;
; SLD_NODE_PARAMETER_ASSIGNMENT         ; SLD_TRIGGER_IN_ENABLED=0                                                                                                                                                                                           ; --                            ; --                                   ; auto_signaltap_0 ;
; SLD_NODE_PARAMETER_ASSIGNMENT         ; SLD_TRIGGER_PIPELINE=0                                                                                                                                                                                             ; --                            ; --                                   ; auto_signaltap_0 ;
; SLD_NODE_PARAMETER_ASSIGNMENT         ; SLD_RAM_PIPELINE=0                                                                                                                                                                                                 ; --                            ; --                                   ; auto_signaltap_0 ;
; SLD_NODE_PARAMETER_ASSIGNMENT         ; SLD_COUNTER_PIPELINE=0                                                                                                                                                                                             ; --                            ; --                                   ; auto_signaltap_0 ;
; SLD_NODE_PARAMETER_ASSIGNMENT         ; SLD_ADVANCED_TRIGGER_ENTITY=basic,1,                                                                                                                                                                               ; --                            ; --                                   ; auto_signaltap_0 ;
; SLD_NODE_PARAMETER_ASSIGNMENT         ; SLD_TRIGGER_LEVEL_PIPELINE=1                                                                                                                                                                                       ; --                            ; --                                   ; auto_signaltap_0 ;
; SLD_NODE_PARAMETER_ASSIGNMENT         ; SLD_ENABLE_ADVANCED_TRIGGER=0                                                                                                                                                                                      ; --                            ; --                                   ; auto_signaltap_0 ;
; SLD_NODE_PARAMETER_ASSIGNMENT         ; SLD_SEGMENT_SIZE=512                                                                                                                                                                                               ; --                            ; --                                   ; auto_signaltap_0 ;
; SLD_NODE_PARAMETER_ASSIGNMENT         ; SLD_SAMPLE_DEPTH=512                                                                                                                                                                                               ; --                            ; --                                   ; auto_signaltap_0 ;
; SLD_NODE_PARAMETER_ASSIGNMENT         ; SLD_STORAGE_QUALIFIER_INVERSION_MASK_LENGTH=0                                                                                                                                                                      ; --                            ; --                                   ; auto_signaltap_0 ;
; SLD_NODE_PARAMETER_ASSIGNMENT         ; SLD_DATA_BITS=56                                                                                                                                                                                                   ; --                            ; --                                   ; auto_signaltap_0 ;
; SLD_NODE_PARAMETER_ASSIGNMENT         ; SLD_TRIGGER_BITS=56                                                                                                                                                                                                ; --                            ; --                                   ; auto_signaltap_0 ;
; SLD_NODE_PARAMETER_ASSIGNMENT         ; SLD_STORAGE_QUALIFIER_BITS=56                                                                                                                                                                                      ; --                            ; --                                   ; auto_signaltap_0 ;
; SLD_NODE_PARAMETER_ASSIGNMENT         ; SLD_INVERSION_MASK=00000000000000000000000000000000000000000000000000000000000000000000000000000000000000000000000000000000000000000000000000000000000000000000000000000000000000000000000000000000000000000000000 ; --                            ; --                                   ; auto_signaltap_0 ;
; SLD_NODE_PARAMETER_ASSIGNMENT         ; SLD_INVERSION_MASK_LENGTH=191                                                                                                                                                                                      ; --                            ; --                                   ; auto_signaltap_0 ;
; TOP_LEVEL_ENTITY                      ; DE0_Nano_SoC_TRDB_D5M_LT24_top_level                                                                                                                                                                               ; ES_mini_project_TRDB_D5M_LT24 ; --                                   ; --               ;
; USE_DLL_FREQUENCY_FOR_DQS_DELAY_CHAIN ; On                                                                                                                                                                                                                 ; Off                           ; --                                   ; --               ;
; USE_SIGNALTAP_FILE                    ; output_files/stp3.stp                                                                                                                                                                                              ; --                            ; --                                   ; --               ;
+---------------------------------------+--------------------------------------------------------------------------------------------------------------------------------------------------------------------------------------------------------------------+-------------------------------+--------------------------------------+------------------+


+--------------------------------------------------------------------------------------------------------------------------+
; Flow Elapsed Time                                                                                                        ;
+----------------------+--------------+-------------------------+---------------------+------------------------------------+
; Module Name          ; Elapsed Time ; Average Processors Used ; Peak Virtual Memory ; Total CPU Time (on all processors) ;
+----------------------+--------------+-------------------------+---------------------+------------------------------------+
; Analysis & Synthesis ; 00:04:40     ; 1.0                     ; 5279 MB             ; 00:06:47                           ;
; Fitter               ; 00:03:52     ; 1.3                     ; 7145 MB             ; 00:09:12                           ;
; Assembler            ; 00:00:17     ; 1.0                     ; 4923 MB             ; 00:00:15                           ;
; Timing Analyzer      ; 00:00:52     ; 1.5                     ; 5647 MB             ; 00:01:13                           ;
; Total                ; 00:09:41     ; --                      ; --                  ; 00:17:27                           ;
+----------------------+--------------+-------------------------+---------------------+------------------------------------+


+------------------------------------------------------------------------------------+
; Flow OS Summary                                                                    ;
+----------------------+------------------+------------+------------+----------------+
; Module Name          ; Machine Hostname ; OS Name    ; OS Version ; Processor type ;
+----------------------+------------------+------------+------------+----------------+
; Analysis & Synthesis ; LAPTOP-949MTOKD  ; Windows 10 ; 10.0       ; x86_64         ;
; Fitter               ; LAPTOP-949MTOKD  ; Windows 10 ; 10.0       ; x86_64         ;
; Assembler            ; LAPTOP-949MTOKD  ; Windows 10 ; 10.0       ; x86_64         ;
; Timing Analyzer      ; LAPTOP-949MTOKD  ; Windows 10 ; 10.0       ; x86_64         ;
+----------------------+------------------+------------+------------+----------------+


------------
; Flow Log ;
------------
quartus_map --read_settings_files=on --write_settings_files=off ES_mini_project_TRDB_D5M_LT24 -c ES_mini_project_TRDB_D5M_LT24
quartus_fit --read_settings_files=off --write_settings_files=off ES_mini_project_TRDB_D5M_LT24 -c ES_mini_project_TRDB_D5M_LT24
quartus_asm --read_settings_files=off --write_settings_files=off ES_mini_project_TRDB_D5M_LT24 -c ES_mini_project_TRDB_D5M_LT24
quartus_sta ES_mini_project_TRDB_D5M_LT24 -c ES_mini_project_TRDB_D5M_LT24



